[2024-02-05T21:53:03.468910+01:00] BLOG.DEBUG: Error al obtener todos los registros de la tabla {$this->tabla}: SQLSTATE[42000]: Syntax error or access violation: 1064 You have an error in your SQL syntax; check the manual that corresponds to your MariaDB server version for the right syntax to use near '->tabla}' at line 1 [] []
[2024-02-05T21:55:48.236153+01:00] BLOG.DEBUG: Error al obtener todos los registros de la tabla {$this->tabla}: SQLSTATE[42000]: Syntax error or access violation: 1064 You have an error in your SQL syntax; check the manual that corresponds to your MariaDB server version for the right syntax to use near '->tabla}' at line 1 [] []
[2024-02-05T21:58:28.792011+01:00] BLOG.DEBUG: Error al obtener todos los registros de la tabla {$this->tabla}: SQLSTATE[42000]: Syntax error or access violation: 1064 You have an error in your SQL syntax; check the manual that corresponds to your MariaDB server version for the right syntax to use near '->tabla}' at line 1 [] []
[2024-02-05T21:59:45.778538+01:00] BLOG.DEBUG: Error al obtener todos los registros de la tabla {$this->tabla}: SQLSTATE[42000]: Syntax error or access violation: 1064 You have an error in your SQL syntax; check the manual that corresponds to your MariaDB server version for the right syntax to use near '->tabla}' at line 1 [] []
[2024-02-05T22:00:18.268904+01:00] BLOG.DEBUG: Error al obtener todos los registros de la tabla {$this->tabla}: SQLSTATE[42000]: Syntax error or access violation: 1064 You have an error in your SQL syntax; check the manual that corresponds to your MariaDB server version for the right syntax to use near '->tabla}' at line 1 [] []
[2024-02-05T22:01:17.377924+01:00] BLOG.DEBUG: Error al obtener todos los registros de la tabla {$this->tabla}: SQLSTATE[42000]: Syntax error or access violation: 1064 You have an error in your SQL syntax; check the manual that corresponds to your MariaDB server version for the right syntax to use near '->tabla}' at line 1 [] []
[2024-02-05T22:01:17.819727+01:00] BLOG.DEBUG: Error al obtener todos los registros de la tabla {$this->tabla}: SQLSTATE[42000]: Syntax error or access violation: 1064 You have an error in your SQL syntax; check the manual that corresponds to your MariaDB server version for the right syntax to use near '->tabla}' at line 1 [] []
[2024-02-05T22:01:18.007009+01:00] BLOG.DEBUG: Error al obtener todos los registros de la tabla {$this->tabla}: SQLSTATE[42000]: Syntax error or access violation: 1064 You have an error in your SQL syntax; check the manual that corresponds to your MariaDB server version for the right syntax to use near '->tabla}' at line 1 [] []
[2024-02-05T22:01:18.158880+01:00] BLOG.DEBUG: Error al obtener todos los registros de la tabla {$this->tabla}: SQLSTATE[42000]: Syntax error or access violation: 1064 You have an error in your SQL syntax; check the manual that corresponds to your MariaDB server version for the right syntax to use near '->tabla}' at line 1 [] []
[2024-02-05T22:01:18.319096+01:00] BLOG.DEBUG: Error al obtener todos los registros de la tabla {$this->tabla}: SQLSTATE[42000]: Syntax error or access violation: 1064 You have an error in your SQL syntax; check the manual that corresponds to your MariaDB server version for the right syntax to use near '->tabla}' at line 1 [] []
[2024-02-05T22:04:12.639924+01:00] BLOG.DEBUG: Error al obtener todos los registros de la tabla {$this->tabla}: SQLSTATE[42000]: Syntax error or access violation: 1064 You have an error in your SQL syntax; check the manual that corresponds to your MariaDB server version for the right syntax to use near '->tabla}' at line 1 [] []
[2024-02-05T22:04:14.183732+01:00] BLOG.DEBUG: Error al obtener todos los registros de la tabla {$this->tabla}: SQLSTATE[42000]: Syntax error or access violation: 1064 You have an error in your SQL syntax; check the manual that corresponds to your MariaDB server version for the right syntax to use near '->tabla}' at line 1 [] []
[2024-02-05T22:04:15.906264+01:00] BLOG.DEBUG: Error al obtener todos los registros de la tabla {$this->tabla}: SQLSTATE[42000]: Syntax error or access violation: 1064 You have an error in your SQL syntax; check the manual that corresponds to your MariaDB server version for the right syntax to use near '->tabla}' at line 1 [] []
[2024-02-05T22:04:16.450499+01:00] BLOG.DEBUG: Error al obtener todos los registros de la tabla {$this->tabla}: SQLSTATE[42000]: Syntax error or access violation: 1064 You have an error in your SQL syntax; check the manual that corresponds to your MariaDB server version for the right syntax to use near '->tabla}' at line 1 [] []
[2024-02-05T22:04:16.620029+01:00] BLOG.DEBUG: Error al obtener todos los registros de la tabla {$this->tabla}: SQLSTATE[42000]: Syntax error or access violation: 1064 You have an error in your SQL syntax; check the manual that corresponds to your MariaDB server version for the right syntax to use near '->tabla}' at line 1 [] []
[2024-02-05T22:04:16.796405+01:00] BLOG.DEBUG: Error al obtener todos los registros de la tabla {$this->tabla}: SQLSTATE[42000]: Syntax error or access violation: 1064 You have an error in your SQL syntax; check the manual that corresponds to your MariaDB server version for the right syntax to use near '->tabla}' at line 1 [] []
[2024-02-05T22:04:16.930212+01:00] BLOG.DEBUG: Error al obtener todos los registros de la tabla {$this->tabla}: SQLSTATE[42000]: Syntax error or access violation: 1064 You have an error in your SQL syntax; check the manual that corresponds to your MariaDB server version for the right syntax to use near '->tabla}' at line 1 [] []
[2024-02-05T22:04:17.080472+01:00] BLOG.DEBUG: Error al obtener todos los registros de la tabla {$this->tabla}: SQLSTATE[42000]: Syntax error or access violation: 1064 You have an error in your SQL syntax; check the manual that corresponds to your MariaDB server version for the right syntax to use near '->tabla}' at line 1 [] []
[2024-02-05T22:04:17.240743+01:00] BLOG.DEBUG: Error al obtener todos los registros de la tabla {$this->tabla}: SQLSTATE[42000]: Syntax error or access violation: 1064 You have an error in your SQL syntax; check the manual that corresponds to your MariaDB server version for the right syntax to use near '->tabla}' at line 1 [] []
[2024-02-05T22:04:17.398540+01:00] BLOG.DEBUG: Error al obtener todos los registros de la tabla {$this->tabla}: SQLSTATE[42000]: Syntax error or access violation: 1064 You have an error in your SQL syntax; check the manual that corresponds to your MariaDB server version for the right syntax to use near '->tabla}' at line 1 [] []
[2024-02-05T22:04:17.557039+01:00] BLOG.DEBUG: Error al obtener todos los registros de la tabla {$this->tabla}: SQLSTATE[42000]: Syntax error or access violation: 1064 You have an error in your SQL syntax; check the manual that corresponds to your MariaDB server version for the right syntax to use near '->tabla}' at line 1 [] []
[2024-02-05T22:04:32.529036+01:00] BLOG.DEBUG: Error al obtener todos los registros de la tabla {$this->tabla}: SQLSTATE[42000]: Syntax error or access violation: 1064 You have an error in your SQL syntax; check the manual that corresponds to your MariaDB server version for the right syntax to use near '->tabla}' at line 1 [] []
[2024-02-05T22:09:30.848729+01:00] BLOG.DEBUG: Error al obtener todos los registros de la tabla {$this->tabla}: SQLSTATE[42000]: Syntax error or access violation: 1064 You have an error in your SQL syntax; check the manual that corresponds to your MariaDB server version for the right syntax to use near '->tabla}' at line 1 [] []
[2024-02-05T22:12:42.473146+01:00] BLOG.DEBUG: Error al obtener todos los registros de la tabla {$this->tabla}: SQLSTATE[42000]: Syntax error or access violation: 1064 You have an error in your SQL syntax; check the manual that corresponds to your MariaDB server version for the right syntax to use near '->tabla}' at line 1 [] []
[2024-02-05T22:12:44.325225+01:00] BLOG.DEBUG: Error al obtener todos los registros de la tabla {$this->tabla}: SQLSTATE[42000]: Syntax error or access violation: 1064 You have an error in your SQL syntax; check the manual that corresponds to your MariaDB server version for the right syntax to use near '->tabla}' at line 1 [] []
[2024-02-05T22:12:44.518180+01:00] BLOG.DEBUG: Error al obtener todos los registros de la tabla {$this->tabla}: SQLSTATE[42000]: Syntax error or access violation: 1064 You have an error in your SQL syntax; check the manual that corresponds to your MariaDB server version for the right syntax to use near '->tabla}' at line 1 [] []
[2024-02-05T22:12:44.654701+01:00] BLOG.DEBUG: Error al obtener todos los registros de la tabla {$this->tabla}: SQLSTATE[42000]: Syntax error or access violation: 1064 You have an error in your SQL syntax; check the manual that corresponds to your MariaDB server version for the right syntax to use near '->tabla}' at line 1 [] []
[2024-02-05T22:12:44.847297+01:00] BLOG.DEBUG: Error al obtener todos los registros de la tabla {$this->tabla}: SQLSTATE[42000]: Syntax error or access violation: 1064 You have an error in your SQL syntax; check the manual that corresponds to your MariaDB server version for the right syntax to use near '->tabla}' at line 1 [] []
[2024-02-05T22:12:44.981046+01:00] BLOG.DEBUG: Error al obtener todos los registros de la tabla {$this->tabla}: SQLSTATE[42000]: Syntax error or access violation: 1064 You have an error in your SQL syntax; check the manual that corresponds to your MariaDB server version for the right syntax to use near '->tabla}' at line 1 [] []
[2024-02-05T22:16:22.730189+01:00] BLOG.DEBUG: Error al obtener todos los registros de la tabla {$this->tabla}: SQLSTATE[42000]: Syntax error or access violation: 1064 You have an error in your SQL syntax; check the manual that corresponds to your MariaDB server version for the right syntax to use near '->tabla}' at line 1 [] []
[2024-02-05T22:16:23.904808+01:00] BLOG.DEBUG: Error al obtener todos los registros de la tabla {$this->tabla}: SQLSTATE[42000]: Syntax error or access violation: 1064 You have an error in your SQL syntax; check the manual that corresponds to your MariaDB server version for the right syntax to use near '->tabla}' at line 1 [] []
[2024-02-05T22:16:24.639646+01:00] BLOG.DEBUG: Error al obtener todos los registros de la tabla {$this->tabla}: SQLSTATE[42000]: Syntax error or access violation: 1064 You have an error in your SQL syntax; check the manual that corresponds to your MariaDB server version for the right syntax to use near '->tabla}' at line 1 [] []
[2024-02-05T22:16:25.319867+01:00] BLOG.DEBUG: Error al obtener todos los registros de la tabla {$this->tabla}: SQLSTATE[42000]: Syntax error or access violation: 1064 You have an error in your SQL syntax; check the manual that corresponds to your MariaDB server version for the right syntax to use near '->tabla}' at line 1 [] []
[2024-02-05T22:17:11.237813+01:00] BLOG.DEBUG: Error al obtener todos los registros de la tabla {$this->tabla}: SQLSTATE[42000]: Syntax error or access violation: 1064 You have an error in your SQL syntax; check the manual that corresponds to your MariaDB server version for the right syntax to use near '->tabla}' at line 1 [] []
[2024-02-05T22:17:12.975063+01:00] BLOG.DEBUG: Error al obtener todos los registros de la tabla {$this->tabla}: SQLSTATE[42000]: Syntax error or access violation: 1064 You have an error in your SQL syntax; check the manual that corresponds to your MariaDB server version for the right syntax to use near '->tabla}' at line 1 [] []
[2024-02-05T22:17:13.140727+01:00] BLOG.DEBUG: Error al obtener todos los registros de la tabla {$this->tabla}: SQLSTATE[42000]: Syntax error or access violation: 1064 You have an error in your SQL syntax; check the manual that corresponds to your MariaDB server version for the right syntax to use near '->tabla}' at line 1 [] []
[2024-02-05T22:17:13.275267+01:00] BLOG.DEBUG: Error al obtener todos los registros de la tabla {$this->tabla}: SQLSTATE[42000]: Syntax error or access violation: 1064 You have an error in your SQL syntax; check the manual that corresponds to your MariaDB server version for the right syntax to use near '->tabla}' at line 1 [] []
[2024-02-05T22:17:21.761608+01:00] BLOG.DEBUG: Error al obtener todos los registros de la tabla {$this->tabla}: SQLSTATE[42000]: Syntax error or access violation: 1064 You have an error in your SQL syntax; check the manual that corresponds to your MariaDB server version for the right syntax to use near '->tabla}' at line 1 [] []
[2024-02-05T22:17:46.082483+01:00] BLOG.DEBUG: Error al obtener todos los registros de la tabla {$this->tabla}: SQLSTATE[42000]: Syntax error or access violation: 1064 You have an error in your SQL syntax; check the manual that corresponds to your MariaDB server version for the right syntax to use near '->tabla}' at line 1 [] []
[2024-02-05T22:19:23.625491+01:00] BLOG.DEBUG: Error al obtener todos los registros de la tabla {$this->tabla}: SQLSTATE[42000]: Syntax error or access violation: 1064 You have an error in your SQL syntax; check the manual that corresponds to your MariaDB server version for the right syntax to use near '->tabla}' at line 1 [] []
[2024-02-05T22:20:05.647691+01:00] BLOG.INFO: Consulta realizada: SELECT * FROM entradas [] []
[2024-02-05T22:20:50.288885+01:00] BLOG.INFO: Consulta realizada: SELECT * FROM entradas [] []
[2024-02-05T22:23:24.429973+01:00] BLOG.INFO: Consulta realizada: SELECT * FROM entradas [] []
[2024-02-05T22:24:40.101162+01:00] BLOG.INFO: Consulta realizada: SELECT * FROM categorias [] []
[2024-02-05T22:25:23.940096+01:00] BLOG.INFO: Consulta realizada: SELECT * FROM categorias [] []
[2024-02-05T22:26:03.628824+01:00] BLOG.INFO: Consulta realizada: SELECT * FROM categorias [] []
[2024-02-05T22:26:04.189885+01:00] BLOG.INFO: Consulta realizada: SELECT * FROM categorias [] []
[2024-02-05T22:26:04.375349+01:00] BLOG.INFO: Consulta realizada: SELECT * FROM categorias [] []
[2024-02-05T22:26:04.515915+01:00] BLOG.INFO: Consulta realizada: SELECT * FROM categorias [] []
[2024-02-05T22:26:04.681704+01:00] BLOG.INFO: Consulta realizada: SELECT * FROM categorias [] []
[2024-02-05T22:26:04.874542+01:00] BLOG.INFO: Consulta realizada: SELECT * FROM categorias [] []
[2024-02-05T22:26:05.046479+01:00] BLOG.INFO: Consulta realizada: SELECT * FROM categorias [] []
[2024-02-05T22:28:25.192779+01:00] BLOG.INFO: Consulta realizada: SELECT e.*, c.nombre as nombreCategoria                             FROM entradas e INNER JOIN categorias c                                 ON e.categoria_id = c.id                             ORDER BY id DESC                             LIMIT 3 [] []
[2024-02-05T22:28:25.216112+01:00] BLOG.INFO: Consulta realizada: SELECT * FROM categorias [] []
[2024-02-05T22:28:27.824998+01:00] BLOG.INFO: Consulta realizada: SELECT COUNT(*) FROM entradas [] []
[2024-02-05T22:28:27.826063+01:00] BLOG.DEBUG: Error al obtener las entradas: SQLSTATE[42000]: Syntax error or access violation: 1327 Undeclared variable: $limiteInicial [] []
[2024-02-05T22:28:27.826084+01:00] BLOG.INFO: Metodo all: Paginación {"pagina":1,"regOrigen":0} []
[2024-02-05T22:28:27.826156+01:00] BLOG.DEBUG: Metodo all: Paginación {"pagina":1,"regOrigen":0} []
[2024-02-05T22:28:27.826377+01:00] BLOG.INFO: Consulta realizada: SELECT e.*, c.nombre as nombreCategoria                             FROM entradas e INNER JOIN categorias c                                 ON e.categoria_id = c.id                             ORDER BY id DESC [] []
[2024-02-05T22:28:27.839968+01:00] BLOG.INFO: Consulta realizada: SELECT * FROM categorias [] []
[2024-02-05T22:30:42.847949+01:00] BLOG.INFO: Consulta realizada: SELECT COUNT(*) FROM entradas [] []
[2024-02-05T22:30:42.849260+01:00] BLOG.DEBUG: Error al obtener las entradas: SQLSTATE[42000]: Syntax error or access violation: 1327 Undeclared variable: $limiteInicial [] []
[2024-02-05T22:30:42.849279+01:00] BLOG.INFO: Metodo all: Paginación {"page":1,"regOrigen":0} []
[2024-02-05T22:30:42.849347+01:00] BLOG.DEBUG: Metodo all: Paginación {"page":1,"regOrigen":0} []
[2024-02-05T22:30:42.849578+01:00] BLOG.INFO: Consulta realizada: SELECT e.*, c.nombre as nombreCategoria                             FROM entradas e INNER JOIN categorias c                                 ON e.categoria_id = c.id                             ORDER BY id DESC [] []
[2024-02-05T22:30:42.850518+01:00] BLOG.INFO: Consulta realizada: SELECT * FROM categorias [] []
[2024-02-05T22:35:20.848324+01:00] BLOG.INFO: Consulta realizada: SELECT e.*, c.nombre as nombreCategoria                             FROM entradas e INNER JOIN categorias c                                 ON e.categoria_id = c.id                             ORDER BY id DESC                             LIMIT 3 [] []
[2024-02-05T22:35:20.849976+01:00] BLOG.INFO: Consulta realizada: SELECT * FROM categorias [] []
[2024-02-05T22:35:22.313339+01:00] BLOG.INFO: Consulta realizada: SELECT e.*, c.nombre as nombreCategoria                             FROM entradas e INNER JOIN categorias c                                 ON e.categoria_id = c.id                             ORDER BY id DESC                             LIMIT 3 [] []
[2024-02-05T22:35:22.334480+01:00] BLOG.INFO: Consulta realizada: SELECT * FROM categorias [] []
[2024-02-05T22:35:23.966663+01:00] BLOG.INFO: Consulta realizada: SELECT COUNT(*) FROM entradas [] []
[2024-02-05T22:35:23.968078+01:00] BLOG.DEBUG: Error al obtener las entradas: SQLSTATE[42000]: Syntax error or access violation: 1327 Undeclared variable: $limiteInicial [] []
[2024-02-05T22:35:23.968100+01:00] BLOG.INFO: Metodo all: Paginación {"page":1,"regOrigen":0} []
[2024-02-05T22:35:23.968178+01:00] BLOG.DEBUG: Metodo all: Paginación {"page":1,"regOrigen":0} []
[2024-02-05T22:35:23.968414+01:00] BLOG.INFO: Consulta realizada: SELECT e.*, c.nombre as nombreCategoria                             FROM entradas e INNER JOIN categorias c                                 ON e.categoria_id = c.id                             ORDER BY id DESC [] []
[2024-02-05T22:35:23.969290+01:00] BLOG.INFO: Consulta realizada: SELECT * FROM categorias [] []
[2024-02-05T22:36:38.430550+01:00] BLOG.INFO: Consulta realizada: SELECT COUNT(*) FROM entradas [] []
[2024-02-05T22:36:38.431607+01:00] BLOG.INFO: Consulta realizada: SELECT e.*, c.nombre as nombreCategoria                             FROM entradas e INNER JOIN categorias c                                 ON e.categoria_id = c.id                             ORDER BY id DESC LIMIT 0, 5 [] []
[2024-02-05T22:36:38.431679+01:00] BLOG.INFO: Metodo all: Paginación {"page":1,"regOrigen":0} []
[2024-02-05T22:36:38.431794+01:00] BLOG.DEBUG: Metodo all: Paginación {"page":1,"regOrigen":0} []
[2024-02-05T22:36:38.432025+01:00] BLOG.INFO: Consulta realizada: SELECT e.*, c.nombre as nombreCategoria                             FROM entradas e INNER JOIN categorias c                                 ON e.categoria_id = c.id                             ORDER BY id DESC [] []
[2024-02-05T22:36:38.432886+01:00] BLOG.INFO: Consulta realizada: SELECT * FROM categorias [] []
[2024-02-05T22:36:42.005376+01:00] BLOG.INFO: Consulta realizada: SELECT COUNT(*) FROM entradas [] []
[2024-02-05T22:36:42.006443+01:00] BLOG.INFO: Consulta realizada: SELECT e.*, c.nombre as nombreCategoria                             FROM entradas e INNER JOIN categorias c                                 ON e.categoria_id = c.id                             ORDER BY id DESC LIMIT 0, 5 [] []
[2024-02-05T22:36:42.006498+01:00] BLOG.INFO: Metodo all: Paginación {"page":1,"regOrigen":0} []
[2024-02-05T22:36:42.006596+01:00] BLOG.DEBUG: Metodo all: Paginación {"page":1,"regOrigen":0} []
[2024-02-05T22:36:42.006763+01:00] BLOG.INFO: Consulta realizada: SELECT e.*, c.nombre as nombreCategoria                             FROM entradas e INNER JOIN categorias c                                 ON e.categoria_id = c.id                             ORDER BY id DESC [] []
[2024-02-05T22:36:42.019427+01:00] BLOG.INFO: Consulta realizada: SELECT * FROM categorias [] []
[2024-02-05T22:37:35.800672+01:00] BLOG.INFO: Consulta realizada: SELECT COUNT(*) FROM entradas [] []
[2024-02-05T22:37:35.801922+01:00] BLOG.INFO: Consulta realizada: SELECT e.*, c.nombre as nombreCategoria                             FROM entradas e INNER JOIN categorias c                                 ON e.categoria_id = c.id                             ORDER BY id DESC LIMIT 0, 5 [] []
[2024-02-05T22:37:35.802067+01:00] BLOG.INFO: Metodo all: Paginación {"page":1,"regOrigen":0} []
[2024-02-05T22:37:35.802218+01:00] BLOG.DEBUG: Metodo all: Paginación {"page":1,"regOrigen":0} []
[2024-02-05T22:37:35.802583+01:00] BLOG.INFO: Consulta realizada: SELECT e.*, c.nombre as nombreCategoria                             FROM entradas e INNER JOIN categorias c                                 ON e.categoria_id = c.id                             ORDER BY id DESC [] []
[2024-02-05T22:37:35.827059+01:00] BLOG.INFO: Consulta realizada: SELECT * FROM categorias [] []
[2024-02-05T22:39:53.745405+01:00] BLOG.INFO: Consulta realizada: SELECT e.*, c.nombre as nombreCategoria                             FROM entradas e INNER JOIN categorias c                                 ON e.categoria_id = c.id                             ORDER BY id DESC                             LIMIT 3 [] []
[2024-02-05T22:39:53.747119+01:00] BLOG.INFO: Consulta realizada: SELECT * FROM categorias [] []
[2024-02-05T22:40:00.409394+01:00] BLOG.INFO: Consulta realizada: SELECT COUNT(*) FROM entradas [] []
[2024-02-05T22:40:00.410406+01:00] BLOG.INFO: Consulta realizada: SELECT e.*, c.nombre as nombreCategoria                             FROM entradas e INNER JOIN categorias c                                 ON e.categoria_id = c.id                             ORDER BY id DESC LIMIT 0, 5 [] []
[2024-02-05T22:40:00.410468+01:00] BLOG.INFO: Metodo all: Paginación {"page":1,"regOrigen":0} []
[2024-02-05T22:40:00.410572+01:00] BLOG.DEBUG: Metodo all: Paginación {"page":1,"regOrigen":0} []
[2024-02-05T22:40:00.410843+01:00] BLOG.INFO: Consulta realizada: SELECT e.*, c.nombre as nombreCategoria                             FROM entradas e INNER JOIN categorias c                                 ON e.categoria_id = c.id                             ORDER BY id DESC [] []
[2024-02-05T22:40:00.435046+01:00] BLOG.INFO: Consulta realizada: SELECT * FROM categorias [] []
[2024-02-05T22:40:02.649924+01:00] BLOG.INFO: Consulta realizada: SELECT COUNT(*) FROM entradas [] []
[2024-02-05T22:40:02.650908+01:00] BLOG.INFO: Consulta realizada: SELECT e.*, c.nombre as nombreCategoria                             FROM entradas e INNER JOIN categorias c                                 ON e.categoria_id = c.id                             ORDER BY id DESC LIMIT 0, 5 [] []
[2024-02-05T22:40:02.650974+01:00] BLOG.INFO: Metodo all: Paginación {"page":1,"regOrigen":0} []
[2024-02-05T22:40:02.651085+01:00] BLOG.DEBUG: Metodo all: Paginación {"page":1,"regOrigen":0} []
[2024-02-05T22:40:02.651323+01:00] BLOG.INFO: Consulta realizada: SELECT e.*, c.nombre as nombreCategoria                             FROM entradas e INNER JOIN categorias c                                 ON e.categoria_id = c.id                             ORDER BY id DESC [] []
[2024-02-05T22:40:02.665214+01:00] BLOG.INFO: Consulta realizada: SELECT * FROM categorias [] []
[2024-02-05T22:40:07.382391+01:00] BLOG.INFO: Consulta realizada: SELECT * FROM categorias [] []
[2024-02-05T22:40:08.557677+01:00] BLOG.INFO: Consulta realizada: SELECT e.*, c.nombre as nombreCategoria                             FROM entradas e INNER JOIN categorias c                                 ON e.categoria_id = c.id                             ORDER BY id DESC                             LIMIT 3 [] []
[2024-02-05T22:40:08.559366+01:00] BLOG.INFO: Consulta realizada: SELECT * FROM categorias [] []
