[2024-02-05T21:53:03.443258+01:00] BLOG.ERROR: Error al obtener todos los registros de la tabla {$this->tabla}: SQLSTATE[42000]: Syntax error or access violation: 1064 You have an error in your SQL syntax; check the manual that corresponds to your MariaDB server version for the right syntax to use near '->tabla}' at line 1 [] []
[2024-02-05T21:55:48.235306+01:00] BLOG.ERROR: Error al obtener todos los registros de la tabla {$this->tabla}: SQLSTATE[42000]: Syntax error or access violation: 1064 You have an error in your SQL syntax; check the manual that corresponds to your MariaDB server version for the right syntax to use near '->tabla}' at line 1 [] []
[2024-02-05T21:58:28.787326+01:00] BLOG.ERROR: Error al obtener todos los registros de la tabla {$this->tabla}: SQLSTATE[42000]: Syntax error or access violation: 1064 You have an error in your SQL syntax; check the manual that corresponds to your MariaDB server version for the right syntax to use near '->tabla}' at line 1 [] []
[2024-02-05T21:59:45.777738+01:00] BLOG.ERROR: Error al obtener todos los registros de la tabla {$this->tabla}: SQLSTATE[42000]: Syntax error or access violation: 1064 You have an error in your SQL syntax; check the manual that corresponds to your MariaDB server version for the right syntax to use near '->tabla}' at line 1 [] []
[2024-02-05T22:00:18.268155+01:00] BLOG.ERROR: Error al obtener todos los registros de la tabla {$this->tabla}: SQLSTATE[42000]: Syntax error or access violation: 1064 You have an error in your SQL syntax; check the manual that corresponds to your MariaDB server version for the right syntax to use near '->tabla}' at line 1 [] []
[2024-02-05T22:01:17.376863+01:00] BLOG.ERROR: Error al obtener todos los registros de la tabla {$this->tabla}: SQLSTATE[42000]: Syntax error or access violation: 1064 You have an error in your SQL syntax; check the manual that corresponds to your MariaDB server version for the right syntax to use near '->tabla}' at line 1 [] []
[2024-02-05T22:01:17.818987+01:00] BLOG.ERROR: Error al obtener todos los registros de la tabla {$this->tabla}: SQLSTATE[42000]: Syntax error or access violation: 1064 You have an error in your SQL syntax; check the manual that corresponds to your MariaDB server version for the right syntax to use near '->tabla}' at line 1 [] []
[2024-02-05T22:01:18.006293+01:00] BLOG.ERROR: Error al obtener todos los registros de la tabla {$this->tabla}: SQLSTATE[42000]: Syntax error or access violation: 1064 You have an error in your SQL syntax; check the manual that corresponds to your MariaDB server version for the right syntax to use near '->tabla}' at line 1 [] []
[2024-02-05T22:01:18.158004+01:00] BLOG.ERROR: Error al obtener todos los registros de la tabla {$this->tabla}: SQLSTATE[42000]: Syntax error or access violation: 1064 You have an error in your SQL syntax; check the manual that corresponds to your MariaDB server version for the right syntax to use near '->tabla}' at line 1 [] []
[2024-02-05T22:01:18.318400+01:00] BLOG.ERROR: Error al obtener todos los registros de la tabla {$this->tabla}: SQLSTATE[42000]: Syntax error or access violation: 1064 You have an error in your SQL syntax; check the manual that corresponds to your MariaDB server version for the right syntax to use near '->tabla}' at line 1 [] []
[2024-02-05T22:04:12.638714+01:00] BLOG.ERROR: Error al obtener todos los registros de la tabla {$this->tabla}: SQLSTATE[42000]: Syntax error or access violation: 1064 You have an error in your SQL syntax; check the manual that corresponds to your MariaDB server version for the right syntax to use near '->tabla}' at line 1 [] []
[2024-02-05T22:04:14.182762+01:00] BLOG.ERROR: Error al obtener todos los registros de la tabla {$this->tabla}: SQLSTATE[42000]: Syntax error or access violation: 1064 You have an error in your SQL syntax; check the manual that corresponds to your MariaDB server version for the right syntax to use near '->tabla}' at line 1 [] []
[2024-02-05T22:04:15.905375+01:00] BLOG.ERROR: Error al obtener todos los registros de la tabla {$this->tabla}: SQLSTATE[42000]: Syntax error or access violation: 1064 You have an error in your SQL syntax; check the manual that corresponds to your MariaDB server version for the right syntax to use near '->tabla}' at line 1 [] []
[2024-02-05T22:04:16.449516+01:00] BLOG.ERROR: Error al obtener todos los registros de la tabla {$this->tabla}: SQLSTATE[42000]: Syntax error or access violation: 1064 You have an error in your SQL syntax; check the manual that corresponds to your MariaDB server version for the right syntax to use near '->tabla}' at line 1 [] []
[2024-02-05T22:04:16.619301+01:00] BLOG.ERROR: Error al obtener todos los registros de la tabla {$this->tabla}: SQLSTATE[42000]: Syntax error or access violation: 1064 You have an error in your SQL syntax; check the manual that corresponds to your MariaDB server version for the right syntax to use near '->tabla}' at line 1 [] []
[2024-02-05T22:04:16.795579+01:00] BLOG.ERROR: Error al obtener todos los registros de la tabla {$this->tabla}: SQLSTATE[42000]: Syntax error or access violation: 1064 You have an error in your SQL syntax; check the manual that corresponds to your MariaDB server version for the right syntax to use near '->tabla}' at line 1 [] []
[2024-02-05T22:04:16.929491+01:00] BLOG.ERROR: Error al obtener todos los registros de la tabla {$this->tabla}: SQLSTATE[42000]: Syntax error or access violation: 1064 You have an error in your SQL syntax; check the manual that corresponds to your MariaDB server version for the right syntax to use near '->tabla}' at line 1 [] []
[2024-02-05T22:04:17.079783+01:00] BLOG.ERROR: Error al obtener todos los registros de la tabla {$this->tabla}: SQLSTATE[42000]: Syntax error or access violation: 1064 You have an error in your SQL syntax; check the manual that corresponds to your MariaDB server version for the right syntax to use near '->tabla}' at line 1 [] []
[2024-02-05T22:04:17.240031+01:00] BLOG.ERROR: Error al obtener todos los registros de la tabla {$this->tabla}: SQLSTATE[42000]: Syntax error or access violation: 1064 You have an error in your SQL syntax; check the manual that corresponds to your MariaDB server version for the right syntax to use near '->tabla}' at line 1 [] []
[2024-02-05T22:04:17.397776+01:00] BLOG.ERROR: Error al obtener todos los registros de la tabla {$this->tabla}: SQLSTATE[42000]: Syntax error or access violation: 1064 You have an error in your SQL syntax; check the manual that corresponds to your MariaDB server version for the right syntax to use near '->tabla}' at line 1 [] []
[2024-02-05T22:04:17.556319+01:00] BLOG.ERROR: Error al obtener todos los registros de la tabla {$this->tabla}: SQLSTATE[42000]: Syntax error or access violation: 1064 You have an error in your SQL syntax; check the manual that corresponds to your MariaDB server version for the right syntax to use near '->tabla}' at line 1 [] []
[2024-02-05T22:04:32.528241+01:00] BLOG.ERROR: Error al obtener todos los registros de la tabla {$this->tabla}: SQLSTATE[42000]: Syntax error or access violation: 1064 You have an error in your SQL syntax; check the manual that corresponds to your MariaDB server version for the right syntax to use near '->tabla}' at line 1 [] []
[2024-02-05T22:09:30.847812+01:00] BLOG.ERROR: Error al obtener todos los registros de la tabla {$this->tabla}: SQLSTATE[42000]: Syntax error or access violation: 1064 You have an error in your SQL syntax; check the manual that corresponds to your MariaDB server version for the right syntax to use near '->tabla}' at line 1 [] []
[2024-02-05T22:12:42.472212+01:00] BLOG.ERROR: Error al obtener todos los registros de la tabla {$this->tabla}: SQLSTATE[42000]: Syntax error or access violation: 1064 You have an error in your SQL syntax; check the manual that corresponds to your MariaDB server version for the right syntax to use near '->tabla}' at line 1 [] []
[2024-02-05T22:12:44.324087+01:00] BLOG.ERROR: Error al obtener todos los registros de la tabla {$this->tabla}: SQLSTATE[42000]: Syntax error or access violation: 1064 You have an error in your SQL syntax; check the manual that corresponds to your MariaDB server version for the right syntax to use near '->tabla}' at line 1 [] []
[2024-02-05T22:12:44.517375+01:00] BLOG.ERROR: Error al obtener todos los registros de la tabla {$this->tabla}: SQLSTATE[42000]: Syntax error or access violation: 1064 You have an error in your SQL syntax; check the manual that corresponds to your MariaDB server version for the right syntax to use near '->tabla}' at line 1 [] []
[2024-02-05T22:12:44.653990+01:00] BLOG.ERROR: Error al obtener todos los registros de la tabla {$this->tabla}: SQLSTATE[42000]: Syntax error or access violation: 1064 You have an error in your SQL syntax; check the manual that corresponds to your MariaDB server version for the right syntax to use near '->tabla}' at line 1 [] []
[2024-02-05T22:12:44.846314+01:00] BLOG.ERROR: Error al obtener todos los registros de la tabla {$this->tabla}: SQLSTATE[42000]: Syntax error or access violation: 1064 You have an error in your SQL syntax; check the manual that corresponds to your MariaDB server version for the right syntax to use near '->tabla}' at line 1 [] []
[2024-02-05T22:12:44.979895+01:00] BLOG.ERROR: Error al obtener todos los registros de la tabla {$this->tabla}: SQLSTATE[42000]: Syntax error or access violation: 1064 You have an error in your SQL syntax; check the manual that corresponds to your MariaDB server version for the right syntax to use near '->tabla}' at line 1 [] []
[2024-02-05T22:16:22.729238+01:00] BLOG.ERROR: Error al obtener todos los registros de la tabla {$this->tabla}: SQLSTATE[42000]: Syntax error or access violation: 1064 You have an error in your SQL syntax; check the manual that corresponds to your MariaDB server version for the right syntax to use near '->tabla}' at line 1 [] []
[2024-02-05T22:16:23.903816+01:00] BLOG.ERROR: Error al obtener todos los registros de la tabla {$this->tabla}: SQLSTATE[42000]: Syntax error or access violation: 1064 You have an error in your SQL syntax; check the manual that corresponds to your MariaDB server version for the right syntax to use near '->tabla}' at line 1 [] []
[2024-02-05T22:16:24.638943+01:00] BLOG.ERROR: Error al obtener todos los registros de la tabla {$this->tabla}: SQLSTATE[42000]: Syntax error or access violation: 1064 You have an error in your SQL syntax; check the manual that corresponds to your MariaDB server version for the right syntax to use near '->tabla}' at line 1 [] []
[2024-02-05T22:16:25.319080+01:00] BLOG.ERROR: Error al obtener todos los registros de la tabla {$this->tabla}: SQLSTATE[42000]: Syntax error or access violation: 1064 You have an error in your SQL syntax; check the manual that corresponds to your MariaDB server version for the right syntax to use near '->tabla}' at line 1 [] []
[2024-02-05T22:17:11.236629+01:00] BLOG.ERROR: Error al obtener todos los registros de la tabla {$this->tabla}: SQLSTATE[42000]: Syntax error or access violation: 1064 You have an error in your SQL syntax; check the manual that corresponds to your MariaDB server version for the right syntax to use near '->tabla}' at line 1 [] []
[2024-02-05T22:17:12.973361+01:00] BLOG.ERROR: Error al obtener todos los registros de la tabla {$this->tabla}: SQLSTATE[42000]: Syntax error or access violation: 1064 You have an error in your SQL syntax; check the manual that corresponds to your MariaDB server version for the right syntax to use near '->tabla}' at line 1 [] []
[2024-02-05T22:17:13.139651+01:00] BLOG.ERROR: Error al obtener todos los registros de la tabla {$this->tabla}: SQLSTATE[42000]: Syntax error or access violation: 1064 You have an error in your SQL syntax; check the manual that corresponds to your MariaDB server version for the right syntax to use near '->tabla}' at line 1 [] []
[2024-02-05T22:17:13.273526+01:00] BLOG.ERROR: Error al obtener todos los registros de la tabla {$this->tabla}: SQLSTATE[42000]: Syntax error or access violation: 1064 You have an error in your SQL syntax; check the manual that corresponds to your MariaDB server version for the right syntax to use near '->tabla}' at line 1 [] []
[2024-02-05T22:17:21.760792+01:00] BLOG.ERROR: Error al obtener todos los registros de la tabla {$this->tabla}: SQLSTATE[42000]: Syntax error or access violation: 1064 You have an error in your SQL syntax; check the manual that corresponds to your MariaDB server version for the right syntax to use near '->tabla}' at line 1 [] []
[2024-02-05T22:17:46.081417+01:00] BLOG.ERROR: Error al obtener todos los registros de la tabla {$this->tabla}: SQLSTATE[42000]: Syntax error or access violation: 1064 You have an error in your SQL syntax; check the manual that corresponds to your MariaDB server version for the right syntax to use near '->tabla}' at line 1 [] []
[2024-02-05T22:19:23.624284+01:00] BLOG.ERROR: Error al obtener todos los registros de la tabla {$this->tabla}: SQLSTATE[42000]: Syntax error or access violation: 1064 You have an error in your SQL syntax; check the manual that corresponds to your MariaDB server version for the right syntax to use near '->tabla}' at line 1 [] []
[2024-02-05T22:28:27.825963+01:00] BLOG.ERROR: Error al obtener las entradas: SQLSTATE[42000]: Syntax error or access violation: 1327 Undeclared variable: $limiteInicial [] []
[2024-02-05T22:28:27.826170+01:00] BLOG.ERROR: Metodo all: Paginación {"pagina":1,"regOrigen":0} []
[2024-02-05T22:30:42.849160+01:00] BLOG.ERROR: Error al obtener las entradas: SQLSTATE[42000]: Syntax error or access violation: 1327 Undeclared variable: $limiteInicial [] []
[2024-02-05T22:30:42.849362+01:00] BLOG.ERROR: Metodo all: Paginación {"page":1,"regOrigen":0} []
[2024-02-05T22:35:23.967951+01:00] BLOG.ERROR: Error al obtener las entradas: SQLSTATE[42000]: Syntax error or access violation: 1327 Undeclared variable: $limiteInicial [] []
[2024-02-05T22:35:23.968193+01:00] BLOG.ERROR: Metodo all: Paginación {"page":1,"regOrigen":0} []
[2024-02-05T22:36:38.431810+01:00] BLOG.ERROR: Metodo all: Paginación {"page":1,"regOrigen":0} []
[2024-02-05T22:36:42.006612+01:00] BLOG.ERROR: Metodo all: Paginación {"page":1,"regOrigen":0} []
[2024-02-05T22:37:35.802244+01:00] BLOG.ERROR: Metodo all: Paginación {"page":1,"regOrigen":0} []
[2024-02-05T22:40:00.410591+01:00] BLOG.ERROR: Metodo all: Paginación {"page":1,"regOrigen":0} []
[2024-02-05T22:40:02.651103+01:00] BLOG.ERROR: Metodo all: Paginación {"page":1,"regOrigen":0} []
[2024-02-06T11:14:46.242814+01:00] BLOG.ERROR: Metodo all: Paginación {"page":1,"regOrigen":0} []
[2024-02-06T11:15:37.593548+01:00] BLOG.ERROR: Metodo all: Paginación {"page":1,"regOrigen":0} []
[2024-02-06T11:16:28.309177+01:00] BLOG.ERROR: Metodo all: Paginación {"page":1,"regOrigen":0} []
[2024-02-06T11:17:00.759747+01:00] BLOG.ERROR: Metodo all: Paginación {"page":1,"regOrigen":0} []
[2024-02-06T11:17:56.211094+01:00] BLOG.ERROR: Metodo all: Paginación {"page":1,"regOrigen":0} []
[2024-02-06T11:18:08.072038+01:00] BLOG.ERROR: Metodo all: Paginación {"page":1,"regOrigen":0} []
[2024-02-06T11:18:56.462621+01:00] BLOG.ERROR: Metodo all: Paginación {"page":1,"regOrigen":0} []
[2024-02-06T11:23:50.236437+01:00] BLOG.ERROR: Metodo all: Paginación {"page":1,"regOrigen":0} []
[2024-02-06T11:24:04.594756+01:00] BLOG.ERROR: Metodo all: Paginación {"page":1,"regOrigen":0} []
[2024-02-06T11:24:33.658347+01:00] BLOG.ERROR: Metodo all: Paginación {"page":1,"regOrigen":0} []
[2024-02-06T11:24:46.623711+01:00] BLOG.ERROR: Metodo all: Paginación {"page":1,"regOrigen":0} []
[2024-02-06T11:31:37.917151+01:00] BLOG.ERROR: Metodo all: Paginación {"page":1,"regOrigen":0} []
[2024-02-06T11:32:18.112678+01:00] BLOG.ERROR: Metodo all: Paginación {"page":1,"regOrigen":0} []
[2024-02-06T11:32:43.133888+01:00] BLOG.ERROR: Metodo all: Paginación {"page":1,"regOrigen":0} []
[2024-02-06T11:36:27.858580+01:00] BLOG.ERROR: Metodo all: Paginación {"page":1,"regOrigen":0} []
[2024-02-06T11:37:24.384921+01:00] BLOG.ERROR: Metodo all: Paginación {"page":1,"regOrigen":0} []
[2024-02-06T12:09:10.684260+01:00] BLOG.ERROR: Metodo all: Paginación {"page":1,"regOrigen":0} []
[2024-02-06T12:13:23.903364+01:00] BLOG.ERROR: Metodo all: Paginación {"page":1,"regOrigen":0} []
[2024-02-06T12:16:33.546633+01:00] BLOG.ERROR: Metodo all: Paginación {"page":1,"regOrigen":0} []
[2024-02-06T12:16:37.143642+01:00] BLOG.ERROR: Metodo all: Paginación {"page":"2","regOrigen":2} []
[2024-02-06T12:16:39.259763+01:00] BLOG.ERROR: Metodo all: Paginación {"page":1,"regOrigen":0} []
[2024-02-06T12:16:42.250563+01:00] BLOG.ERROR: Metodo all: Paginación {"page":"2","regOrigen":2} []
[2024-02-06T12:17:14.583717+01:00] BLOG.ERROR: Metodo all: Paginación {"page":1,"regOrigen":0} []
[2024-02-06T13:05:27.887709+01:00] BLOG.ERROR: Metodo all: Paginación {"page":1,"regOrigen":0} []
[2024-02-06T13:05:31.414190+01:00] BLOG.ERROR: Metodo all: Paginación {"page":"2","regOrigen":2} []
[2024-02-06T13:11:44.994676+01:00] BLOG.ERROR: Metodo all: Paginación {"page":1,"regOrigen":0} []
[2024-02-06T13:11:47.375809+01:00] BLOG.ERROR: Metodo all: Paginación {"page":1,"regOrigen":0} []
[2024-02-06T13:16:31.184826+01:00] BLOG.ERROR: Metodo all: Paginación {"page":1,"regOrigen":0} []
[2024-02-06T13:22:41.696674+01:00] BLOG.ERROR: Error al obtener un registro de la tabla {$this->tabla}: SQLSTATE[HY093]: Invalid parameter number: number of bound variables does not match number of tokens [] []
[2024-02-06T13:22:46.247191+01:00] BLOG.ERROR: Error al obtener un registro de la tabla {$this->tabla}: SQLSTATE[HY093]: Invalid parameter number: number of bound variables does not match number of tokens [] []
[2024-02-06T13:22:47.569650+01:00] BLOG.ERROR: Error al obtener un registro de la tabla {$this->tabla}: SQLSTATE[HY093]: Invalid parameter number: number of bound variables does not match number of tokens [] []
[2024-02-06T13:22:49.687673+01:00] BLOG.ERROR: Error al obtener un registro de la tabla {$this->tabla}: SQLSTATE[HY093]: Invalid parameter number: number of bound variables does not match number of tokens [] []
[2024-02-06T13:23:16.398143+01:00] BLOG.ERROR: Error al obtener un registro de la tabla {$this->tabla}: SQLSTATE[HY093]: Invalid parameter number: number of bound variables does not match number of tokens [] []
[2024-02-06T13:24:36.735317+01:00] BLOG.ERROR: Error al obtener un registro de la tabla {$this->tabla}: SQLSTATE[HY093]: Invalid parameter number: number of bound variables does not match number of tokens [] []
[2024-02-06T13:25:19.060879+01:00] BLOG.ERROR: Error al obtener un registro de la tabla {$this->tabla}: SQLSTATE[HY093]: Invalid parameter number: number of bound variables does not match number of tokens [] []
[2024-02-06T13:26:46.176774+01:00] BLOG.ERROR: Error al obtener un registro de la tabla {$this->tabla}: SQLSTATE[HY093]: Invalid parameter number: number of bound variables does not match number of tokens [] []
[2024-02-06T13:28:21.431398+01:00] BLOG.ERROR: Error al obtener un registro de la tabla {$this->tabla}: SQLSTATE[HY093]: Invalid parameter number: number of bound variables does not match number of tokens [] []
[2024-02-06T13:29:01.738262+01:00] BLOG.ERROR: Error al obtener un registro de la tabla {$this->tabla}: SQLSTATE[HY093]: Invalid parameter number: number of bound variables does not match number of tokens [] []
[2024-02-06T21:38:25.508400+01:00] BLOG.ERROR: Metodo all: Paginación {"page":1,"regOrigen":0} []
[2024-02-06T21:38:26.738583+01:00] BLOG.ERROR: Metodo all: Paginación {"page":"2","regOrigen":2} []
[2024-02-06T21:40:16.425443+01:00] BLOG.ERROR: Metodo all: Paginación {"page":"2","regOrigen":2} []
[2024-02-06T21:40:24.623827+01:00] BLOG.ERROR: Error al registrar un usuario: SQLSTATE[HY093]: Invalid parameter number: number of bound variables does not match number of tokens [] []
[2024-02-06T21:44:28.569482+01:00] BLOG.ERROR: Error al registrar un usuario: SQLSTATE[HY093]: Invalid parameter number: number of bound variables does not match number of tokens [] []
[2024-02-06T21:49:02.863415+01:00] BLOG.ERROR: Error al registrar un usuario: SQLSTATE[HY093]: Invalid parameter number: number of bound variables does not match number of tokens [] []
[2024-02-06T21:52:00.102413+01:00] BLOG.ERROR: Error al registrar un usuario: SQLSTATE[HY093]: Invalid parameter number: number of bound variables does not match number of tokens [] []
[2024-02-06T21:54:02.252680+01:00] BLOG.ERROR: Error al registrar un usuario: SQLSTATE[HY093]: Invalid parameter number: number of bound variables does not match number of tokens [] []
[2024-02-06T22:02:08.909339+01:00] BLOG.ERROR: Error al registrar un usuario: SQLSTATE[HY093]: Invalid parameter number: number of bound variables does not match number of tokens [] []
[2024-02-08T14:05:17.373885+01:00] BLOG.ERROR: Error al obtener las últimas entradas: SQLSTATE[42S02]: Base table or view not found: 1932 Table 'blog.entradas' doesn't exist in engine [] []
[2024-02-08T14:05:17.390874+01:00] BLOG.ERROR: Error al obtener todos los registros de la tabla {$this->tabla}: SQLSTATE[42S02]: Base table or view not found: 1932 Table 'blog.categorias' doesn't exist in engine [] []
[2024-02-08T14:05:19.692879+01:00] BLOG.ERROR: Error al obtener las últimas entradas: SQLSTATE[42S02]: Base table or view not found: 1932 Table 'blog.entradas' doesn't exist in engine [] []
[2024-02-08T14:05:19.695083+01:00] BLOG.ERROR: Error al obtener todos los registros de la tabla {$this->tabla}: SQLSTATE[42S02]: Base table or view not found: 1932 Table 'blog.categorias' doesn't exist in engine [] []
[2024-02-08T14:36:09.685966+01:00] BLOG.ERROR: Error al actualizar un usuario: SQLSTATE[HY093]: Invalid parameter number: parameter was not defined [] []
[2024-02-08T14:36:12.204058+01:00] BLOG.ERROR: Error al actualizar un usuario: SQLSTATE[HY093]: Invalid parameter number: parameter was not defined [] []
[2024-02-08T14:36:13.477601+01:00] BLOG.ERROR: Error al actualizar un usuario: SQLSTATE[HY093]: Invalid parameter number: parameter was not defined [] []
[2024-02-08T15:29:50.012376+01:00] BLOG.ERROR: Error al actualizar un usuario: SQLSTATE[42000]: Syntax error or access violation: 1064 You have an error in your SQL syntax; check the manual that corresponds to your MariaDB server version for the right syntax to use near 'WHERE id = NULL' at line 1 [] []
[2024-02-08T15:33:21.451312+01:00] BLOG.ERROR: Error al actualizar un usuario: SQLSTATE[42000]: Syntax error or access violation: 1064 You have an error in your SQL syntax; check the manual that corresponds to your MariaDB server version for the right syntax to use near 'WHERE id = NULL' at line 1 [] []
[2024-02-08T17:38:51.993445+01:00] BLOG.ERROR: Error al actualizar un usuario: SQLSTATE[42000]: Syntax error or access violation: 1064 You have an error in your SQL syntax; check the manual that corresponds to your MariaDB server version for the right syntax to use near 'WHERE id = NULL' at line 1 [] []
[2024-02-08T17:49:12.321019+01:00] BLOG.ERROR: Error al actualizar un usuario: SQLSTATE[42000]: Syntax error or access violation: 1064 You have an error in your SQL syntax; check the manual that corresponds to your MariaDB server version for the right syntax to use near 'WHERE id = NULL' at line 1 [] []
[2024-02-08T17:51:12.521057+01:00] BLOG.ERROR: Error al actualizar un usuario: SQLSTATE[42000]: Syntax error or access violation: 1064 You have an error in your SQL syntax; check the manual that corresponds to your MariaDB server version for the right syntax to use near 'WHERE id = NULL' at line 1 [] []
[2024-02-08T17:58:23.487187+01:00] BLOG.ERROR: Error al actualizar un usuario: SQLSTATE[42000]: Syntax error or access violation: 1064 You have an error in your SQL syntax; check the manual that corresponds to your MariaDB server version for the right syntax to use near 'WHERE id = '7'' at line 1 [] []
[2024-02-08T18:00:15.593719+01:00] BLOG.ERROR: Error al actualizar un usuario: SQLSTATE[42000]: Syntax error or access violation: 1064 You have an error in your SQL syntax; check the manual that corresponds to your MariaDB server version for the right syntax to use near 'WHERE id = '7'' at line 1 [] []
[2024-02-08T18:36:35.400784+01:00] BLOG.ERROR: Error al actualizar un usuario: SQLSTATE[42000]: Syntax error or access violation: 1064 You have an error in your SQL syntax; check the manual that corresponds to your MariaDB server version for the right syntax to use near 'WHERE id = '7'' at line 1 [] []
[2024-02-08T18:42:12.279610+01:00] BLOG.ERROR: Error al actualizar un usuario: SQLSTATE[42000]: Syntax error or access violation: 1064 You have an error in your SQL syntax; check the manual that corresponds to your MariaDB server version for the right syntax to use near 'WHERE id = '7'' at line 1 [] []
[2024-02-08T18:54:00.480415+01:00] BLOG.ERROR: Error al actualizar un usuario: SQLSTATE[42000]: Syntax error or access violation: 1064 You have an error in your SQL syntax; check the manual that corresponds to your MariaDB server version for the right syntax to use near 'WHERE id = '7'' at line 1 [] []
[2024-02-08T18:56:28.823084+01:00] BLOG.ERROR: Error al actualizar un usuario: SQLSTATE[42000]: Syntax error or access violation: 1064 You have an error in your SQL syntax; check the manual that corresponds to your MariaDB server version for the right syntax to use near 'WHERE id = '7'' at line 1 [] []
[2024-02-08T19:36:01.536807+01:00] BLOG.ERROR: Metodo all: Paginación {"page":1,"regOrigen":0} []
[2024-02-08T19:36:56.895547+01:00] BLOG.ERROR: Metodo all: Paginación {"page":1,"regOrigen":0} []
[2024-02-08T19:37:02.014817+01:00] BLOG.ERROR: Metodo all: Paginación {"page":1,"regOrigen":0} []
[2024-02-08T21:20:45.861353+01:00] BLOG.ERROR: Metodo all: Paginación {"page":1,"regOrigen":0} []
[2024-02-08T21:20:48.420380+01:00] BLOG.ERROR: Metodo all: Paginación {"page":"3","regOrigen":4} []
[2024-02-08T21:20:51.274294+01:00] BLOG.ERROR: Metodo all: Paginación {"page":"2","regOrigen":2} []
[2024-02-08T21:20:53.216905+01:00] BLOG.ERROR: Metodo all: Paginación {"page":"3","regOrigen":4} []
[2024-02-08T21:20:55.604718+01:00] BLOG.ERROR: Metodo all: Paginación {"page":1,"regOrigen":0} []
[2024-02-10T23:07:57.433535+01:00] BLOG.ERROR: Metodo all: Paginación {"page":1,"regOrigen":0} []
[2024-02-10T23:14:26.089587+01:00] BLOG.ERROR: Error al buscar: SQLSTATE[42S22]: Column not found: 1054 Unknown column 'nombreCategoria' in 'where clause' [] []
[2024-02-10T23:14:29.598189+01:00] BLOG.ERROR: Error al buscar: SQLSTATE[42S22]: Column not found: 1054 Unknown column 'nombreCategoria' in 'where clause' [] []
[2024-02-10T23:14:37.846274+01:00] BLOG.ERROR: Error al buscar: SQLSTATE[42S22]: Column not found: 1054 Unknown column 'nombreCategoria' in 'where clause' [] []
[2024-02-10T23:14:38.604108+01:00] BLOG.ERROR: Error al buscar: SQLSTATE[42S22]: Column not found: 1054 Unknown column 'nombreCategoria' in 'where clause' [] []
[2024-02-10T23:14:39.070440+01:00] BLOG.ERROR: Error al buscar: SQLSTATE[42S22]: Column not found: 1054 Unknown column 'nombreCategoria' in 'where clause' [] []
[2024-02-10T23:14:40.519047+01:00] BLOG.ERROR: Metodo all: Paginación {"page":1,"regOrigen":0} []
[2024-02-10T23:14:46.431637+01:00] BLOG.ERROR: Error al buscar: SQLSTATE[42S22]: Column not found: 1054 Unknown column 'nombreCategoria' in 'where clause' [] []
[2024-02-10T23:14:57.181915+01:00] BLOG.ERROR: Error al buscar: SQLSTATE[42S22]: Column not found: 1054 Unknown column 'nombreCategoria' in 'where clause' [] []
[2024-02-10T23:15:05.574929+01:00] BLOG.ERROR: Metodo all: Paginación {"page":1,"regOrigen":0} []
[2024-02-10T23:15:08.452099+01:00] BLOG.ERROR: Metodo all: Paginación {"page":"2","regOrigen":2} []
[2024-02-10T23:15:10.032112+01:00] BLOG.ERROR: Metodo all: Paginación {"page":"3","regOrigen":4} []
[2024-02-10T23:15:18.845597+01:00] BLOG.ERROR: Error al buscar: SQLSTATE[42S22]: Column not found: 1054 Unknown column 'nombreCategoria' in 'where clause' [] []
[2024-02-10T23:21:54.402781+01:00] BLOG.ERROR: Metodo all: Paginación {"page":1,"regOrigen":0} []
[2024-02-11T18:00:01.792683+01:00] BLOG.ERROR: Metodo all: Paginación {"page":1,"regOrigen":0} []
[2024-02-11T18:00:12.382944+01:00] BLOG.ERROR: Metodo all: Paginación {"page":1,"regOrigen":0} []
[2024-02-11T18:01:51.294941+01:00] BLOG.ERROR: Metodo all: Paginación {"page":1,"regOrigen":0} []
[2024-02-11T18:12:31.199459+01:00] BLOG.ERROR: Metodo all: Paginación {"page":1,"regOrigen":0} []
[2024-02-11T18:12:36.424362+01:00] BLOG.ERROR: Metodo all: Paginación {"page":"2","regOrigen":2} []
[2024-02-11T18:12:44.967094+01:00] BLOG.ERROR: Metodo all: Paginación {"page":"3","regOrigen":4} []
[2024-02-15T10:21:52.471942+01:00] BLOG.ERROR: Metodo all: Paginación {"page":1,"regOrigen":0} []
[2024-02-15T10:21:54.230365+01:00] BLOG.ERROR: Metodo all: Paginación {"page":"2","regOrigen":2} []
[2024-02-17T15:18:00.976670+01:00] BLOG.ERROR: Metodo all: Paginación {"page":1,"regOrigen":0} []
[2024-02-17T15:19:50.932271+01:00] BLOG.ERROR: Metodo all: Paginación {"page":1,"regOrigen":0} []
[2024-02-17T15:19:55.088688+01:00] BLOG.ERROR: Metodo all: Paginación {"page":1,"regOrigen":0} []
[2024-02-17T15:21:59.665292+01:00] BLOG.ERROR: Metodo all: Paginación {"page":1,"regOrigen":0} []
[2024-02-17T15:22:04.308844+01:00] BLOG.ERROR: Metodo all: Paginación {"page":1,"regOrigen":0} []
[2024-02-17T15:22:05.073087+01:00] BLOG.ERROR: Metodo all: Paginación {"page":"2","regOrigen":2} []
[2024-02-17T15:22:06.410121+01:00] BLOG.ERROR: Metodo all: Paginación {"page":1,"regOrigen":0} []
[2024-02-17T15:22:09.923444+01:00] BLOG.ERROR: Metodo all: Paginación {"page":1,"regOrigen":0} []
[2024-02-17T15:25:32.311577+01:00] BLOG.ERROR: Metodo all: Paginación {"page":1,"regOrigen":0} []
[2024-02-17T15:27:34.670352+01:00] BLOG.ERROR: Metodo all: Paginación {"page":1,"regOrigen":0} []
[2024-02-17T15:29:40.266817+01:00] BLOG.ERROR: Metodo all: Paginación {"page":1,"regOrigen":0} []
[2024-02-17T15:31:05.949065+01:00] BLOG.ERROR: Metodo all: Paginación {"page":1,"regOrigen":0} []
[2024-02-17T15:31:25.940349+01:00] BLOG.ERROR: Metodo all: Paginación {"page":1,"regOrigen":0} []
[2024-02-17T15:33:19.451313+01:00] BLOG.ERROR: Metodo all: Paginación {"page":1,"regOrigen":0} []
[2024-02-17T15:36:01.524289+01:00] BLOG.ERROR: Metodo all: Paginación {"page":1,"regOrigen":0} []
[2024-02-17T15:36:02.861236+01:00] BLOG.ERROR: Metodo all: Paginación {"page":"2","regOrigen":2} []
[2024-03-06T16:04:59.177181+01:00] BLOG.ERROR: Metodo all: Paginación {"page":1,"regOrigen":0} []
[2024-03-06T16:05:00.973683+01:00] BLOG.ERROR: Metodo all: Paginación {"page":"2","regOrigen":2} []
