[2024-02-05T21:53:03.443258+01:00] BLOG.ERROR: Error al obtener todos los registros de la tabla {$this->tabla}: SQLSTATE[42000]: Syntax error or access violation: 1064 You have an error in your SQL syntax; check the manual that corresponds to your MariaDB server version for the right syntax to use near '->tabla}' at line 1 [] []
[2024-02-05T21:55:48.235306+01:00] BLOG.ERROR: Error al obtener todos los registros de la tabla {$this->tabla}: SQLSTATE[42000]: Syntax error or access violation: 1064 You have an error in your SQL syntax; check the manual that corresponds to your MariaDB server version for the right syntax to use near '->tabla}' at line 1 [] []
[2024-02-05T21:58:28.787326+01:00] BLOG.ERROR: Error al obtener todos los registros de la tabla {$this->tabla}: SQLSTATE[42000]: Syntax error or access violation: 1064 You have an error in your SQL syntax; check the manual that corresponds to your MariaDB server version for the right syntax to use near '->tabla}' at line 1 [] []
[2024-02-05T21:59:45.777738+01:00] BLOG.ERROR: Error al obtener todos los registros de la tabla {$this->tabla}: SQLSTATE[42000]: Syntax error or access violation: 1064 You have an error in your SQL syntax; check the manual that corresponds to your MariaDB server version for the right syntax to use near '->tabla}' at line 1 [] []
[2024-02-05T22:00:18.268155+01:00] BLOG.ERROR: Error al obtener todos los registros de la tabla {$this->tabla}: SQLSTATE[42000]: Syntax error or access violation: 1064 You have an error in your SQL syntax; check the manual that corresponds to your MariaDB server version for the right syntax to use near '->tabla}' at line 1 [] []
[2024-02-05T22:01:17.376863+01:00] BLOG.ERROR: Error al obtener todos los registros de la tabla {$this->tabla}: SQLSTATE[42000]: Syntax error or access violation: 1064 You have an error in your SQL syntax; check the manual that corresponds to your MariaDB server version for the right syntax to use near '->tabla}' at line 1 [] []
[2024-02-05T22:01:17.818987+01:00] BLOG.ERROR: Error al obtener todos los registros de la tabla {$this->tabla}: SQLSTATE[42000]: Syntax error or access violation: 1064 You have an error in your SQL syntax; check the manual that corresponds to your MariaDB server version for the right syntax to use near '->tabla}' at line 1 [] []
[2024-02-05T22:01:18.006293+01:00] BLOG.ERROR: Error al obtener todos los registros de la tabla {$this->tabla}: SQLSTATE[42000]: Syntax error or access violation: 1064 You have an error in your SQL syntax; check the manual that corresponds to your MariaDB server version for the right syntax to use near '->tabla}' at line 1 [] []
[2024-02-05T22:01:18.158004+01:00] BLOG.ERROR: Error al obtener todos los registros de la tabla {$this->tabla}: SQLSTATE[42000]: Syntax error or access violation: 1064 You have an error in your SQL syntax; check the manual that corresponds to your MariaDB server version for the right syntax to use near '->tabla}' at line 1 [] []
[2024-02-05T22:01:18.318400+01:00] BLOG.ERROR: Error al obtener todos los registros de la tabla {$this->tabla}: SQLSTATE[42000]: Syntax error or access violation: 1064 You have an error in your SQL syntax; check the manual that corresponds to your MariaDB server version for the right syntax to use near '->tabla}' at line 1 [] []
[2024-02-05T22:04:12.638714+01:00] BLOG.ERROR: Error al obtener todos los registros de la tabla {$this->tabla}: SQLSTATE[42000]: Syntax error or access violation: 1064 You have an error in your SQL syntax; check the manual that corresponds to your MariaDB server version for the right syntax to use near '->tabla}' at line 1 [] []
[2024-02-05T22:04:14.182762+01:00] BLOG.ERROR: Error al obtener todos los registros de la tabla {$this->tabla}: SQLSTATE[42000]: Syntax error or access violation: 1064 You have an error in your SQL syntax; check the manual that corresponds to your MariaDB server version for the right syntax to use near '->tabla}' at line 1 [] []
[2024-02-05T22:04:15.905375+01:00] BLOG.ERROR: Error al obtener todos los registros de la tabla {$this->tabla}: SQLSTATE[42000]: Syntax error or access violation: 1064 You have an error in your SQL syntax; check the manual that corresponds to your MariaDB server version for the right syntax to use near '->tabla}' at line 1 [] []
[2024-02-05T22:04:16.449516+01:00] BLOG.ERROR: Error al obtener todos los registros de la tabla {$this->tabla}: SQLSTATE[42000]: Syntax error or access violation: 1064 You have an error in your SQL syntax; check the manual that corresponds to your MariaDB server version for the right syntax to use near '->tabla}' at line 1 [] []
[2024-02-05T22:04:16.619301+01:00] BLOG.ERROR: Error al obtener todos los registros de la tabla {$this->tabla}: SQLSTATE[42000]: Syntax error or access violation: 1064 You have an error in your SQL syntax; check the manual that corresponds to your MariaDB server version for the right syntax to use near '->tabla}' at line 1 [] []
[2024-02-05T22:04:16.795579+01:00] BLOG.ERROR: Error al obtener todos los registros de la tabla {$this->tabla}: SQLSTATE[42000]: Syntax error or access violation: 1064 You have an error in your SQL syntax; check the manual that corresponds to your MariaDB server version for the right syntax to use near '->tabla}' at line 1 [] []
[2024-02-05T22:04:16.929491+01:00] BLOG.ERROR: Error al obtener todos los registros de la tabla {$this->tabla}: SQLSTATE[42000]: Syntax error or access violation: 1064 You have an error in your SQL syntax; check the manual that corresponds to your MariaDB server version for the right syntax to use near '->tabla}' at line 1 [] []
[2024-02-05T22:04:17.079783+01:00] BLOG.ERROR: Error al obtener todos los registros de la tabla {$this->tabla}: SQLSTATE[42000]: Syntax error or access violation: 1064 You have an error in your SQL syntax; check the manual that corresponds to your MariaDB server version for the right syntax to use near '->tabla}' at line 1 [] []
[2024-02-05T22:04:17.240031+01:00] BLOG.ERROR: Error al obtener todos los registros de la tabla {$this->tabla}: SQLSTATE[42000]: Syntax error or access violation: 1064 You have an error in your SQL syntax; check the manual that corresponds to your MariaDB server version for the right syntax to use near '->tabla}' at line 1 [] []
[2024-02-05T22:04:17.397776+01:00] BLOG.ERROR: Error al obtener todos los registros de la tabla {$this->tabla}: SQLSTATE[42000]: Syntax error or access violation: 1064 You have an error in your SQL syntax; check the manual that corresponds to your MariaDB server version for the right syntax to use near '->tabla}' at line 1 [] []
[2024-02-05T22:04:17.556319+01:00] BLOG.ERROR: Error al obtener todos los registros de la tabla {$this->tabla}: SQLSTATE[42000]: Syntax error or access violation: 1064 You have an error in your SQL syntax; check the manual that corresponds to your MariaDB server version for the right syntax to use near '->tabla}' at line 1 [] []
[2024-02-05T22:04:32.528241+01:00] BLOG.ERROR: Error al obtener todos los registros de la tabla {$this->tabla}: SQLSTATE[42000]: Syntax error or access violation: 1064 You have an error in your SQL syntax; check the manual that corresponds to your MariaDB server version for the right syntax to use near '->tabla}' at line 1 [] []
[2024-02-05T22:09:30.847812+01:00] BLOG.ERROR: Error al obtener todos los registros de la tabla {$this->tabla}: SQLSTATE[42000]: Syntax error or access violation: 1064 You have an error in your SQL syntax; check the manual that corresponds to your MariaDB server version for the right syntax to use near '->tabla}' at line 1 [] []
[2024-02-05T22:12:42.472212+01:00] BLOG.ERROR: Error al obtener todos los registros de la tabla {$this->tabla}: SQLSTATE[42000]: Syntax error or access violation: 1064 You have an error in your SQL syntax; check the manual that corresponds to your MariaDB server version for the right syntax to use near '->tabla}' at line 1 [] []
[2024-02-05T22:12:44.324087+01:00] BLOG.ERROR: Error al obtener todos los registros de la tabla {$this->tabla}: SQLSTATE[42000]: Syntax error or access violation: 1064 You have an error in your SQL syntax; check the manual that corresponds to your MariaDB server version for the right syntax to use near '->tabla}' at line 1 [] []
[2024-02-05T22:12:44.517375+01:00] BLOG.ERROR: Error al obtener todos los registros de la tabla {$this->tabla}: SQLSTATE[42000]: Syntax error or access violation: 1064 You have an error in your SQL syntax; check the manual that corresponds to your MariaDB server version for the right syntax to use near '->tabla}' at line 1 [] []
[2024-02-05T22:12:44.653990+01:00] BLOG.ERROR: Error al obtener todos los registros de la tabla {$this->tabla}: SQLSTATE[42000]: Syntax error or access violation: 1064 You have an error in your SQL syntax; check the manual that corresponds to your MariaDB server version for the right syntax to use near '->tabla}' at line 1 [] []
[2024-02-05T22:12:44.846314+01:00] BLOG.ERROR: Error al obtener todos los registros de la tabla {$this->tabla}: SQLSTATE[42000]: Syntax error or access violation: 1064 You have an error in your SQL syntax; check the manual that corresponds to your MariaDB server version for the right syntax to use near '->tabla}' at line 1 [] []
[2024-02-05T22:12:44.979895+01:00] BLOG.ERROR: Error al obtener todos los registros de la tabla {$this->tabla}: SQLSTATE[42000]: Syntax error or access violation: 1064 You have an error in your SQL syntax; check the manual that corresponds to your MariaDB server version for the right syntax to use near '->tabla}' at line 1 [] []
[2024-02-05T22:16:22.729238+01:00] BLOG.ERROR: Error al obtener todos los registros de la tabla {$this->tabla}: SQLSTATE[42000]: Syntax error or access violation: 1064 You have an error in your SQL syntax; check the manual that corresponds to your MariaDB server version for the right syntax to use near '->tabla}' at line 1 [] []
[2024-02-05T22:16:23.903816+01:00] BLOG.ERROR: Error al obtener todos los registros de la tabla {$this->tabla}: SQLSTATE[42000]: Syntax error or access violation: 1064 You have an error in your SQL syntax; check the manual that corresponds to your MariaDB server version for the right syntax to use near '->tabla}' at line 1 [] []
[2024-02-05T22:16:24.638943+01:00] BLOG.ERROR: Error al obtener todos los registros de la tabla {$this->tabla}: SQLSTATE[42000]: Syntax error or access violation: 1064 You have an error in your SQL syntax; check the manual that corresponds to your MariaDB server version for the right syntax to use near '->tabla}' at line 1 [] []
[2024-02-05T22:16:25.319080+01:00] BLOG.ERROR: Error al obtener todos los registros de la tabla {$this->tabla}: SQLSTATE[42000]: Syntax error or access violation: 1064 You have an error in your SQL syntax; check the manual that corresponds to your MariaDB server version for the right syntax to use near '->tabla}' at line 1 [] []
[2024-02-05T22:17:11.236629+01:00] BLOG.ERROR: Error al obtener todos los registros de la tabla {$this->tabla}: SQLSTATE[42000]: Syntax error or access violation: 1064 You have an error in your SQL syntax; check the manual that corresponds to your MariaDB server version for the right syntax to use near '->tabla}' at line 1 [] []
[2024-02-05T22:17:12.973361+01:00] BLOG.ERROR: Error al obtener todos los registros de la tabla {$this->tabla}: SQLSTATE[42000]: Syntax error or access violation: 1064 You have an error in your SQL syntax; check the manual that corresponds to your MariaDB server version for the right syntax to use near '->tabla}' at line 1 [] []
[2024-02-05T22:17:13.139651+01:00] BLOG.ERROR: Error al obtener todos los registros de la tabla {$this->tabla}: SQLSTATE[42000]: Syntax error or access violation: 1064 You have an error in your SQL syntax; check the manual that corresponds to your MariaDB server version for the right syntax to use near '->tabla}' at line 1 [] []
[2024-02-05T22:17:13.273526+01:00] BLOG.ERROR: Error al obtener todos los registros de la tabla {$this->tabla}: SQLSTATE[42000]: Syntax error or access violation: 1064 You have an error in your SQL syntax; check the manual that corresponds to your MariaDB server version for the right syntax to use near '->tabla}' at line 1 [] []
[2024-02-05T22:17:21.760792+01:00] BLOG.ERROR: Error al obtener todos los registros de la tabla {$this->tabla}: SQLSTATE[42000]: Syntax error or access violation: 1064 You have an error in your SQL syntax; check the manual that corresponds to your MariaDB server version for the right syntax to use near '->tabla}' at line 1 [] []
[2024-02-05T22:17:46.081417+01:00] BLOG.ERROR: Error al obtener todos los registros de la tabla {$this->tabla}: SQLSTATE[42000]: Syntax error or access violation: 1064 You have an error in your SQL syntax; check the manual that corresponds to your MariaDB server version for the right syntax to use near '->tabla}' at line 1 [] []
[2024-02-05T22:19:23.624284+01:00] BLOG.ERROR: Error al obtener todos los registros de la tabla {$this->tabla}: SQLSTATE[42000]: Syntax error or access violation: 1064 You have an error in your SQL syntax; check the manual that corresponds to your MariaDB server version for the right syntax to use near '->tabla}' at line 1 [] []
[2024-02-05T22:20:05.647691+01:00] BLOG.INFO: Consulta realizada: SELECT * FROM entradas [] []
[2024-02-05T22:20:50.288885+01:00] BLOG.INFO: Consulta realizada: SELECT * FROM entradas [] []
[2024-02-05T22:23:24.429973+01:00] BLOG.INFO: Consulta realizada: SELECT * FROM entradas [] []
[2024-02-05T22:24:40.101162+01:00] BLOG.INFO: Consulta realizada: SELECT * FROM categorias [] []
[2024-02-05T22:25:23.940096+01:00] BLOG.INFO: Consulta realizada: SELECT * FROM categorias [] []
[2024-02-05T22:26:03.628824+01:00] BLOG.INFO: Consulta realizada: SELECT * FROM categorias [] []
[2024-02-05T22:26:04.189885+01:00] BLOG.INFO: Consulta realizada: SELECT * FROM categorias [] []
[2024-02-05T22:26:04.375349+01:00] BLOG.INFO: Consulta realizada: SELECT * FROM categorias [] []
[2024-02-05T22:26:04.515915+01:00] BLOG.INFO: Consulta realizada: SELECT * FROM categorias [] []
[2024-02-05T22:26:04.681704+01:00] BLOG.INFO: Consulta realizada: SELECT * FROM categorias [] []
[2024-02-05T22:26:04.874542+01:00] BLOG.INFO: Consulta realizada: SELECT * FROM categorias [] []
[2024-02-05T22:26:05.046479+01:00] BLOG.INFO: Consulta realizada: SELECT * FROM categorias [] []
[2024-02-05T22:28:25.192779+01:00] BLOG.INFO: Consulta realizada: SELECT e.*, c.nombre as nombreCategoria                             FROM entradas e INNER JOIN categorias c                                 ON e.categoria_id = c.id                             ORDER BY id DESC                             LIMIT 3 [] []
[2024-02-05T22:28:25.216112+01:00] BLOG.INFO: Consulta realizada: SELECT * FROM categorias [] []
[2024-02-05T22:28:27.824998+01:00] BLOG.INFO: Consulta realizada: SELECT COUNT(*) FROM entradas [] []
[2024-02-05T22:28:27.825963+01:00] BLOG.ERROR: Error al obtener las entradas: SQLSTATE[42000]: Syntax error or access violation: 1327 Undeclared variable: $limiteInicial [] []
[2024-02-05T22:28:27.826084+01:00] BLOG.INFO: Metodo all: Paginación {"pagina":1,"regOrigen":0} []
[2024-02-05T22:28:27.826170+01:00] BLOG.ERROR: Metodo all: Paginación {"pagina":1,"regOrigen":0} []
[2024-02-05T22:28:27.826377+01:00] BLOG.INFO: Consulta realizada: SELECT e.*, c.nombre as nombreCategoria                             FROM entradas e INNER JOIN categorias c                                 ON e.categoria_id = c.id                             ORDER BY id DESC [] []
[2024-02-05T22:28:27.839968+01:00] BLOG.INFO: Consulta realizada: SELECT * FROM categorias [] []
[2024-02-05T22:30:42.847949+01:00] BLOG.INFO: Consulta realizada: SELECT COUNT(*) FROM entradas [] []
[2024-02-05T22:30:42.849160+01:00] BLOG.ERROR: Error al obtener las entradas: SQLSTATE[42000]: Syntax error or access violation: 1327 Undeclared variable: $limiteInicial [] []
[2024-02-05T22:30:42.849279+01:00] BLOG.INFO: Metodo all: Paginación {"page":1,"regOrigen":0} []
[2024-02-05T22:30:42.849362+01:00] BLOG.ERROR: Metodo all: Paginación {"page":1,"regOrigen":0} []
[2024-02-05T22:30:42.849578+01:00] BLOG.INFO: Consulta realizada: SELECT e.*, c.nombre as nombreCategoria                             FROM entradas e INNER JOIN categorias c                                 ON e.categoria_id = c.id                             ORDER BY id DESC [] []
[2024-02-05T22:30:42.850518+01:00] BLOG.INFO: Consulta realizada: SELECT * FROM categorias [] []
[2024-02-05T22:35:20.848324+01:00] BLOG.INFO: Consulta realizada: SELECT e.*, c.nombre as nombreCategoria                             FROM entradas e INNER JOIN categorias c                                 ON e.categoria_id = c.id                             ORDER BY id DESC                             LIMIT 3 [] []
[2024-02-05T22:35:20.849976+01:00] BLOG.INFO: Consulta realizada: SELECT * FROM categorias [] []
[2024-02-05T22:35:22.313339+01:00] BLOG.INFO: Consulta realizada: SELECT e.*, c.nombre as nombreCategoria                             FROM entradas e INNER JOIN categorias c                                 ON e.categoria_id = c.id                             ORDER BY id DESC                             LIMIT 3 [] []
[2024-02-05T22:35:22.334480+01:00] BLOG.INFO: Consulta realizada: SELECT * FROM categorias [] []
[2024-02-05T22:35:23.966663+01:00] BLOG.INFO: Consulta realizada: SELECT COUNT(*) FROM entradas [] []
[2024-02-05T22:35:23.967951+01:00] BLOG.ERROR: Error al obtener las entradas: SQLSTATE[42000]: Syntax error or access violation: 1327 Undeclared variable: $limiteInicial [] []
[2024-02-05T22:35:23.968100+01:00] BLOG.INFO: Metodo all: Paginación {"page":1,"regOrigen":0} []
[2024-02-05T22:35:23.968193+01:00] BLOG.ERROR: Metodo all: Paginación {"page":1,"regOrigen":0} []
[2024-02-05T22:35:23.968414+01:00] BLOG.INFO: Consulta realizada: SELECT e.*, c.nombre as nombreCategoria                             FROM entradas e INNER JOIN categorias c                                 ON e.categoria_id = c.id                             ORDER BY id DESC [] []
[2024-02-05T22:35:23.969290+01:00] BLOG.INFO: Consulta realizada: SELECT * FROM categorias [] []
[2024-02-05T22:36:38.430550+01:00] BLOG.INFO: Consulta realizada: SELECT COUNT(*) FROM entradas [] []
[2024-02-05T22:36:38.431607+01:00] BLOG.INFO: Consulta realizada: SELECT e.*, c.nombre as nombreCategoria                             FROM entradas e INNER JOIN categorias c                                 ON e.categoria_id = c.id                             ORDER BY id DESC LIMIT 0, 5 [] []
[2024-02-05T22:36:38.431679+01:00] BLOG.INFO: Metodo all: Paginación {"page":1,"regOrigen":0} []
[2024-02-05T22:36:38.431810+01:00] BLOG.ERROR: Metodo all: Paginación {"page":1,"regOrigen":0} []
[2024-02-05T22:36:38.432025+01:00] BLOG.INFO: Consulta realizada: SELECT e.*, c.nombre as nombreCategoria                             FROM entradas e INNER JOIN categorias c                                 ON e.categoria_id = c.id                             ORDER BY id DESC [] []
[2024-02-05T22:36:38.432886+01:00] BLOG.INFO: Consulta realizada: SELECT * FROM categorias [] []
[2024-02-05T22:36:42.005376+01:00] BLOG.INFO: Consulta realizada: SELECT COUNT(*) FROM entradas [] []
[2024-02-05T22:36:42.006443+01:00] BLOG.INFO: Consulta realizada: SELECT e.*, c.nombre as nombreCategoria                             FROM entradas e INNER JOIN categorias c                                 ON e.categoria_id = c.id                             ORDER BY id DESC LIMIT 0, 5 [] []
[2024-02-05T22:36:42.006498+01:00] BLOG.INFO: Metodo all: Paginación {"page":1,"regOrigen":0} []
[2024-02-05T22:36:42.006612+01:00] BLOG.ERROR: Metodo all: Paginación {"page":1,"regOrigen":0} []
[2024-02-05T22:36:42.006763+01:00] BLOG.INFO: Consulta realizada: SELECT e.*, c.nombre as nombreCategoria                             FROM entradas e INNER JOIN categorias c                                 ON e.categoria_id = c.id                             ORDER BY id DESC [] []
[2024-02-05T22:36:42.019427+01:00] BLOG.INFO: Consulta realizada: SELECT * FROM categorias [] []
[2024-02-05T22:37:35.800672+01:00] BLOG.INFO: Consulta realizada: SELECT COUNT(*) FROM entradas [] []
[2024-02-05T22:37:35.801922+01:00] BLOG.INFO: Consulta realizada: SELECT e.*, c.nombre as nombreCategoria                             FROM entradas e INNER JOIN categorias c                                 ON e.categoria_id = c.id                             ORDER BY id DESC LIMIT 0, 5 [] []
[2024-02-05T22:37:35.802067+01:00] BLOG.INFO: Metodo all: Paginación {"page":1,"regOrigen":0} []
[2024-02-05T22:37:35.802244+01:00] BLOG.ERROR: Metodo all: Paginación {"page":1,"regOrigen":0} []
[2024-02-05T22:37:35.802583+01:00] BLOG.INFO: Consulta realizada: SELECT e.*, c.nombre as nombreCategoria                             FROM entradas e INNER JOIN categorias c                                 ON e.categoria_id = c.id                             ORDER BY id DESC [] []
[2024-02-05T22:37:35.827059+01:00] BLOG.INFO: Consulta realizada: SELECT * FROM categorias [] []
[2024-02-05T22:39:53.745405+01:00] BLOG.INFO: Consulta realizada: SELECT e.*, c.nombre as nombreCategoria                             FROM entradas e INNER JOIN categorias c                                 ON e.categoria_id = c.id                             ORDER BY id DESC                             LIMIT 3 [] []
[2024-02-05T22:39:53.747119+01:00] BLOG.INFO: Consulta realizada: SELECT * FROM categorias [] []
[2024-02-05T22:40:00.409394+01:00] BLOG.INFO: Consulta realizada: SELECT COUNT(*) FROM entradas [] []
[2024-02-05T22:40:00.410406+01:00] BLOG.INFO: Consulta realizada: SELECT e.*, c.nombre as nombreCategoria                             FROM entradas e INNER JOIN categorias c                                 ON e.categoria_id = c.id                             ORDER BY id DESC LIMIT 0, 5 [] []
[2024-02-05T22:40:00.410468+01:00] BLOG.INFO: Metodo all: Paginación {"page":1,"regOrigen":0} []
[2024-02-05T22:40:00.410591+01:00] BLOG.ERROR: Metodo all: Paginación {"page":1,"regOrigen":0} []
[2024-02-05T22:40:00.410843+01:00] BLOG.INFO: Consulta realizada: SELECT e.*, c.nombre as nombreCategoria                             FROM entradas e INNER JOIN categorias c                                 ON e.categoria_id = c.id                             ORDER BY id DESC [] []
[2024-02-05T22:40:00.435046+01:00] BLOG.INFO: Consulta realizada: SELECT * FROM categorias [] []
[2024-02-05T22:40:02.649924+01:00] BLOG.INFO: Consulta realizada: SELECT COUNT(*) FROM entradas [] []
[2024-02-05T22:40:02.650908+01:00] BLOG.INFO: Consulta realizada: SELECT e.*, c.nombre as nombreCategoria                             FROM entradas e INNER JOIN categorias c                                 ON e.categoria_id = c.id                             ORDER BY id DESC LIMIT 0, 5 [] []
[2024-02-05T22:40:02.650974+01:00] BLOG.INFO: Metodo all: Paginación {"page":1,"regOrigen":0} []
[2024-02-05T22:40:02.651103+01:00] BLOG.ERROR: Metodo all: Paginación {"page":1,"regOrigen":0} []
[2024-02-05T22:40:02.651323+01:00] BLOG.INFO: Consulta realizada: SELECT e.*, c.nombre as nombreCategoria                             FROM entradas e INNER JOIN categorias c                                 ON e.categoria_id = c.id                             ORDER BY id DESC [] []
[2024-02-05T22:40:02.665214+01:00] BLOG.INFO: Consulta realizada: SELECT * FROM categorias [] []
[2024-02-05T22:40:07.382391+01:00] BLOG.INFO: Consulta realizada: SELECT * FROM categorias [] []
[2024-02-05T22:40:08.557677+01:00] BLOG.INFO: Consulta realizada: SELECT e.*, c.nombre as nombreCategoria                             FROM entradas e INNER JOIN categorias c                                 ON e.categoria_id = c.id                             ORDER BY id DESC                             LIMIT 3 [] []
[2024-02-05T22:40:08.559366+01:00] BLOG.INFO: Consulta realizada: SELECT * FROM categorias [] []
